build/app/intermediates/manifest_merge_blame_file/debug/processDebugMainManifest/manifest-merger-blame-debug-report.txt
1<?xml version="1.0" encoding="utf-8"?>
2<manifest xmlns:android="http://schemas.android.com/apk/res/android"
3    package="com.example.chat"
4    android:versionCode="1"
5    android:versionName="1.0.0" >
6
7    <uses-sdk
8        android:minSdkVersion="21"
9        android:targetSdkVersion="35" />
10    <!--
11         The INTERNET permission is required for development. Specifically,
12         the Flutter tool needs it to communicate with the running application
13         to allow setting breakpoints, to provide hot reload, etc.
14    -->
15    <uses-permission android:name="android.permission.INTERNET" />
15-->src\debug\AndroidManifest.xml:6:5-66
15-->src\debug\AndroidManifest.xml:6:22-64
16    <!--
17     Required to query activities that can process text, see:
18         https://developer.android.com/training/package-visibility and
19         https://developer.android.com/reference/android/content/Intent#ACTION_PROCESS_TEXT.
20
21         In particular, this is used by the Flutter engine in io.flutter.plugin.text.ProcessTextPlugin.
22    -->
23    <queries>
23-->src\main\AndroidManifest.xml:41:5-46:15
24        <intent>
24-->src\main\AndroidManifest.xml:42:9-45:18
25            <action android:name="android.intent.action.PROCESS_TEXT" />
25-->src\main\AndroidManifest.xml:43:13-72
25-->src\main\AndroidManifest.xml:43:21-70
26
27            <data android:mimeType="text/plain" />
27-->src\main\AndroidManifest.xml:44:13-50
27-->src\main\AndroidManifest.xml:44:19-48
28        </intent>
29    </queries>
30
31    <uses-permission android:name="android.permission.WAKE_LOCK" />
31-->[:firebase_messaging] AndroidManifest.xml:8:5-68
31-->[:firebase_messaging] AndroidManifest.xml:8:22-65
32    <uses-permission android:name="android.permission.ACCESS_NETWORK_STATE" /> <!-- Permissions options for the `notification` group -->
32-->[:firebase_messaging] AndroidManifest.xml:9:5-79
32-->[:firebase_messaging] AndroidManifest.xml:9:22-76
33    <uses-permission android:name="android.permission.POST_NOTIFICATIONS" /> <!-- Required by older versions of Google Play services to create IID tokens -->
33-->[:firebase_messaging] AndroidManifest.xml:11:5-77
33-->[:firebase_messaging] AndroidManifest.xml:11:22-74
34    <uses-permission android:name="com.google.android.c2dm.permission.RECEIVE" />
34-->[com.google.firebase:firebase-messaging:23.4.1] AndroidManifest.xml:26:5-82
34-->[com.google.firebase:firebase-messaging:23.4.1] AndroidManifest.xml:26:22-79
35    <uses-permission android:name="android.permission.VIBRATE" />
35-->[:flutter_local_notifications] AndroidManifest.xml:7:5-66
35-->[:flutter_local_notifications] AndroidManifest.xml:7:22-63
36    <uses-permission android:name="com.google.android.providers.gsf.permission.READ_GSERVICES" />
36-->[com.google.android.recaptcha:recaptcha:18.4.0] AndroidManifest.xml:9:5-98
36-->[com.google.android.recaptcha:recaptcha:18.4.0] AndroidManifest.xml:9:22-95
37
38    <permission
38-->[androidx.core:core:1.13.1] AndroidManifest.xml:22:5-24:47
39        android:name="com.example.chat.DYNAMIC_RECEIVER_NOT_EXPORTED_PERMISSION"
39-->[androidx.core:core:1.13.1] AndroidManifest.xml:23:9-81
40        android:protectionLevel="signature" />
40-->[androidx.core:core:1.13.1] AndroidManifest.xml:24:9-44
41
42    <uses-permission android:name="com.example.chat.DYNAMIC_RECEIVER_NOT_EXPORTED_PERMISSION" />
42-->[androidx.core:core:1.13.1] AndroidManifest.xml:26:5-97
42-->[androidx.core:core:1.13.1] AndroidManifest.xml:26:22-94
43
44    <application
45        android:name="android.app.Application"
46        android:appComponentFactory="androidx.core.app.CoreComponentFactory"
46-->[androidx.core:core:1.13.1] AndroidManifest.xml:28:18-86
47        android:debuggable="true"
48        android:extractNativeLibs="true"
49        android:icon="@mipmap/ic_launcher"
50        android:label="chat" >
51        <activity
52            android:name="com.example.chat.MainActivity"
53            android:configChanges="orientation|keyboardHidden|keyboard|screenSize|smallestScreenSize|locale|layoutDirection|fontScale|screenLayout|density|uiMode"
54            android:exported="true"
55            android:hardwareAccelerated="true"
56            android:launchMode="singleTop"
57            android:taskAffinity=""
58            android:theme="@style/LaunchTheme"
59            android:windowSoftInputMode="adjustResize" >
60
61            <!--
62                 Specifies an Android theme to apply to this Activity as soon as
63                 the Android process has started. This theme is visible to the user
64                 while the Flutter UI initializes. After that, this theme continues
65                 to determine the Window background behind the Flutter UI.
66            -->
67            <meta-data
68                android:name="io.flutter.embedding.android.NormalTheme"
69                android:resource="@style/NormalTheme" />
70
71            <intent-filter>
72                <action android:name="FLUTTER_NOTIFICATION_CLICK" />
73
74                <category android:name="android.intent.category.DEFAULT" />
74-->[com.google.firebase:firebase-auth:22.3.1] AndroidManifest.xml:38:17-76
74-->[com.google.firebase:firebase-auth:22.3.1] AndroidManifest.xml:38:27-73
75
76                <action android:name="android.intent.action.MAIN" />
77
78                <category android:name="android.intent.category.LAUNCHER" />
79            </intent-filter>
80        </activity>
81        <!--
82             Don't delete the meta-data below.
83             This is used by the Flutter tool to generate GeneratedPluginRegistrant.java
84        -->
85        <meta-data
86            android:name="flutterEmbedding"
87            android:value="2" />
88
89        <service
89-->[:firebase_auth] AndroidManifest.xml:8:9-12:19
90            android:name="com.google.firebase.components.ComponentDiscoveryService"
90-->[:firebase_auth] AndroidManifest.xml:8:18-89
91            android:directBootAware="true"
91-->[com.google.firebase:firebase-common:20.4.3] AndroidManifest.xml:32:13-43
92            android:exported="false" >
92-->[com.google.firebase:firebase-auth:22.3.1] AndroidManifest.xml:68:13-37
93            <meta-data
93-->[:firebase_auth] AndroidManifest.xml:9:13-11:85
94                android:name="com.google.firebase.components:io.flutter.plugins.firebase.auth.FlutterFirebaseAuthRegistrar"
94-->[:firebase_auth] AndroidManifest.xml:10:17-124
95                android:value="com.google.firebase.components.ComponentRegistrar" />
95-->[:firebase_auth] AndroidManifest.xml:11:17-82
96            <meta-data
96-->[:cloud_firestore] AndroidManifest.xml:9:13-11:85
97                android:name="com.google.firebase.components:io.flutter.plugins.firebase.firestore.FlutterFirebaseFirestoreRegistrar"
97-->[:cloud_firestore] AndroidManifest.xml:10:17-134
98                android:value="com.google.firebase.components.ComponentRegistrar" />
98-->[:cloud_firestore] AndroidManifest.xml:11:17-82
99            <meta-data
99-->[:firebase_messaging] AndroidManifest.xml:36:13-38:85
100                android:name="com.google.firebase.components:io.flutter.plugins.firebase.messaging.FlutterFirebaseAppRegistrar"
100-->[:firebase_messaging] AndroidManifest.xml:37:17-128
101                android:value="com.google.firebase.components.ComponentRegistrar" />
101-->[:firebase_messaging] AndroidManifest.xml:38:17-82
102            <meta-data
102-->[:firebase_storage] AndroidManifest.xml:9:13-11:85
103                android:name="com.google.firebase.components:io.flutter.plugins.firebase.storage.FlutterFirebaseAppRegistrar"
103-->[:firebase_storage] AndroidManifest.xml:10:17-126
104                android:value="com.google.firebase.components.ComponentRegistrar" />
104-->[:firebase_storage] AndroidManifest.xml:11:17-82
105            <meta-data
105-->[:firebase_core] AndroidManifest.xml:9:13-11:85
106                android:name="com.google.firebase.components:io.flutter.plugins.firebase.core.FlutterFirebaseCoreRegistrar"
106-->[:firebase_core] AndroidManifest.xml:10:17-124
107                android:value="com.google.firebase.components.ComponentRegistrar" />
107-->[:firebase_core] AndroidManifest.xml:11:17-82
108            <meta-data
108-->[com.google.firebase:firebase-auth:22.3.1] AndroidManifest.xml:69:13-71:85
109                android:name="com.google.firebase.components:com.google.firebase.auth.FirebaseAuthRegistrar"
109-->[com.google.firebase:firebase-auth:22.3.1] AndroidManifest.xml:70:17-109
110                android:value="com.google.firebase.components.ComponentRegistrar" />
110-->[com.google.firebase:firebase-auth:22.3.1] AndroidManifest.xml:71:17-82
111            <meta-data
111-->[com.google.firebase:firebase-firestore:24.11.0] AndroidManifest.xml:17:13-19:85
112                android:name="com.google.firebase.components:com.google.firebase.firestore.FirebaseFirestoreKtxRegistrar"
112-->[com.google.firebase:firebase-firestore:24.11.0] AndroidManifest.xml:18:17-122
113                android:value="com.google.firebase.components.ComponentRegistrar" />
113-->[com.google.firebase:firebase-firestore:24.11.0] AndroidManifest.xml:19:17-82
114            <meta-data
114-->[com.google.firebase:firebase-firestore:24.11.0] AndroidManifest.xml:20:13-22:85
115                android:name="com.google.firebase.components:com.google.firebase.firestore.FirestoreRegistrar"
115-->[com.google.firebase:firebase-firestore:24.11.0] AndroidManifest.xml:21:17-111
116                android:value="com.google.firebase.components.ComponentRegistrar" />
116-->[com.google.firebase:firebase-firestore:24.11.0] AndroidManifest.xml:22:17-82
117            <meta-data
117-->[com.google.firebase:firebase-messaging:23.4.1] AndroidManifest.xml:57:13-59:85
118                android:name="com.google.firebase.components:com.google.firebase.messaging.FirebaseMessagingKtxRegistrar"
118-->[com.google.firebase:firebase-messaging:23.4.1] AndroidManifest.xml:58:17-122
119                android:value="com.google.firebase.components.ComponentRegistrar" />
119-->[com.google.firebase:firebase-messaging:23.4.1] AndroidManifest.xml:59:17-82
120            <meta-data
120-->[com.google.firebase:firebase-messaging:23.4.1] AndroidManifest.xml:60:13-62:85
121                android:name="com.google.firebase.components:com.google.firebase.messaging.FirebaseMessagingRegistrar"
121-->[com.google.firebase:firebase-messaging:23.4.1] AndroidManifest.xml:61:17-119
122                android:value="com.google.firebase.components.ComponentRegistrar" />
122-->[com.google.firebase:firebase-messaging:23.4.1] AndroidManifest.xml:62:17-82
123            <meta-data
123-->[com.google.firebase:firebase-storage:20.3.0] AndroidManifest.xml:30:13-32:85
124                android:name="com.google.firebase.components:com.google.firebase.storage.FirebaseStorageKtxRegistrar"
124-->[com.google.firebase:firebase-storage:20.3.0] AndroidManifest.xml:31:17-118
125                android:value="com.google.firebase.components.ComponentRegistrar" />
125-->[com.google.firebase:firebase-storage:20.3.0] AndroidManifest.xml:32:17-82
126            <meta-data
126-->[com.google.firebase:firebase-storage:20.3.0] AndroidManifest.xml:33:13-35:85
127                android:name="com.google.firebase.components:com.google.firebase.storage.StorageRegistrar"
127-->[com.google.firebase:firebase-storage:20.3.0] AndroidManifest.xml:34:17-107
128                android:value="com.google.firebase.components.ComponentRegistrar" />
128-->[com.google.firebase:firebase-storage:20.3.0] AndroidManifest.xml:35:17-82
129            <meta-data
129-->[com.google.firebase:firebase-iid:21.1.0] AndroidManifest.xml:32:13-34:85
130                android:name="com.google.firebase.components:com.google.firebase.iid.Registrar"
130-->[com.google.firebase:firebase-iid:21.1.0] AndroidManifest.xml:33:17-96
131                android:value="com.google.firebase.components.ComponentRegistrar" />
131-->[com.google.firebase:firebase-iid:21.1.0] AndroidManifest.xml:34:17-82
132            <meta-data
132-->[com.google.firebase:firebase-installations:17.2.0] AndroidManifest.xml:15:13-17:85
133                android:name="com.google.firebase.components:com.google.firebase.installations.FirebaseInstallationsKtxRegistrar"
133-->[com.google.firebase:firebase-installations:17.2.0] AndroidManifest.xml:16:17-130
134                android:value="com.google.firebase.components.ComponentRegistrar" />
134-->[com.google.firebase:firebase-installations:17.2.0] AndroidManifest.xml:17:17-82
135            <meta-data
135-->[com.google.firebase:firebase-installations:17.2.0] AndroidManifest.xml:18:13-20:85
136                android:name="com.google.firebase.components:com.google.firebase.installations.FirebaseInstallationsRegistrar"
136-->[com.google.firebase:firebase-installations:17.2.0] AndroidManifest.xml:19:17-127
137                android:value="com.google.firebase.components.ComponentRegistrar" />
137-->[com.google.firebase:firebase-installations:17.2.0] AndroidManifest.xml:20:17-82
138            <meta-data
138-->[com.google.firebase:firebase-appcheck:17.1.2] AndroidManifest.xml:25:13-27:85
139                android:name="com.google.firebase.components:com.google.firebase.appcheck.FirebaseAppCheckKtxRegistrar"
139-->[com.google.firebase:firebase-appcheck:17.1.2] AndroidManifest.xml:26:17-120
140                android:value="com.google.firebase.components.ComponentRegistrar" />
140-->[com.google.firebase:firebase-appcheck:17.1.2] AndroidManifest.xml:27:17-82
141            <meta-data
141-->[com.google.firebase:firebase-appcheck:17.1.2] AndroidManifest.xml:28:13-30:85
142                android:name="com.google.firebase.components:com.google.firebase.appcheck.FirebaseAppCheckRegistrar"
142-->[com.google.firebase:firebase-appcheck:17.1.2] AndroidManifest.xml:29:17-117
143                android:value="com.google.firebase.components.ComponentRegistrar" />
143-->[com.google.firebase:firebase-appcheck:17.1.2] AndroidManifest.xml:30:17-82
144            <meta-data
144-->[com.google.firebase:firebase-common-ktx:20.4.3] AndroidManifest.xml:12:13-14:85
145                android:name="com.google.firebase.components:com.google.firebase.ktx.FirebaseCommonLegacyRegistrar"
145-->[com.google.firebase:firebase-common-ktx:20.4.3] AndroidManifest.xml:13:17-116
146                android:value="com.google.firebase.components.ComponentRegistrar" />
146-->[com.google.firebase:firebase-common-ktx:20.4.3] AndroidManifest.xml:14:17-82
147            <meta-data
147-->[com.google.firebase:firebase-common:20.4.3] AndroidManifest.xml:35:13-37:85
148                android:name="com.google.firebase.components:com.google.firebase.FirebaseCommonKtxRegistrar"
148-->[com.google.firebase:firebase-common:20.4.3] AndroidManifest.xml:36:17-109
149                android:value="com.google.firebase.components.ComponentRegistrar" />
149-->[com.google.firebase:firebase-common:20.4.3] AndroidManifest.xml:37:17-82
150            <meta-data
150-->[com.google.firebase:firebase-datatransport:18.1.7] AndroidManifest.xml:27:13-29:85
151                android:name="com.google.firebase.components:com.google.firebase.datatransport.TransportRegistrar"
151-->[com.google.firebase:firebase-datatransport:18.1.7] AndroidManifest.xml:28:17-115
152                android:value="com.google.firebase.components.ComponentRegistrar" />
152-->[com.google.firebase:firebase-datatransport:18.1.7] AndroidManifest.xml:29:17-82
153        </service>
154        <service
154-->[:firebase_messaging] AndroidManifest.xml:14:9-17:72
155            android:name="io.flutter.plugins.firebase.messaging.FlutterFirebaseMessagingBackgroundService"
155-->[:firebase_messaging] AndroidManifest.xml:15:13-107
156            android:exported="false"
156-->[:firebase_messaging] AndroidManifest.xml:16:13-37
157            android:permission="android.permission.BIND_JOB_SERVICE" />
157-->[:firebase_messaging] AndroidManifest.xml:17:13-69
158        <service
158-->[:firebase_messaging] AndroidManifest.xml:18:9-24:19
159            android:name="io.flutter.plugins.firebase.messaging.FlutterFirebaseMessagingService"
159-->[:firebase_messaging] AndroidManifest.xml:19:13-97
160            android:exported="false" >
160-->[:firebase_messaging] AndroidManifest.xml:20:13-37
161            <intent-filter>
161-->[:firebase_messaging] AndroidManifest.xml:21:13-23:29
162                <action android:name="com.google.firebase.MESSAGING_EVENT" />
162-->[:firebase_messaging] AndroidManifest.xml:22:17-78
162-->[:firebase_messaging] AndroidManifest.xml:22:25-75
163            </intent-filter>
164        </service>
165
166        <receiver
166-->[:firebase_messaging] AndroidManifest.xml:26:9-33:20
167            android:name="io.flutter.plugins.firebase.messaging.FlutterFirebaseMessagingReceiver"
167-->[:firebase_messaging] AndroidManifest.xml:27:13-98
168            android:exported="true"
168-->[:firebase_messaging] AndroidManifest.xml:28:13-36
169            android:permission="com.google.android.c2dm.permission.SEND" >
169-->[:firebase_messaging] AndroidManifest.xml:29:13-73
170            <intent-filter>
170-->[:firebase_messaging] AndroidManifest.xml:30:13-32:29
171                <action android:name="com.google.android.c2dm.intent.RECEIVE" />
171-->[:firebase_messaging] AndroidManifest.xml:31:17-81
171-->[:firebase_messaging] AndroidManifest.xml:31:25-78
172            </intent-filter>
173        </receiver>
174
175        <provider
175-->[:firebase_messaging] AndroidManifest.xml:41:9-45:38
176            android:name="io.flutter.plugins.firebase.messaging.FlutterFirebaseMessagingInitProvider"
176-->[:firebase_messaging] AndroidManifest.xml:42:13-102
177            android:authorities="com.example.chat.flutterfirebasemessaginginitprovider"
177-->[:firebase_messaging] AndroidManifest.xml:43:13-88
178            android:exported="false"
178-->[:firebase_messaging] AndroidManifest.xml:44:13-37
179            android:initOrder="99" />
179-->[:firebase_messaging] AndroidManifest.xml:45:13-35
180
181        <activity
181-->[com.google.firebase:firebase-auth:22.3.1] AndroidManifest.xml:29:9-46:20
182            android:name="com.google.firebase.auth.internal.GenericIdpActivity"
182-->[com.google.firebase:firebase-auth:22.3.1] AndroidManifest.xml:30:13-80
183            android:excludeFromRecents="true"
183-->[com.google.firebase:firebase-auth:22.3.1] AndroidManifest.xml:31:13-46
184            android:exported="true"
184-->[com.google.firebase:firebase-auth:22.3.1] AndroidManifest.xml:32:13-36
185            android:launchMode="singleTask"
185-->[com.google.firebase:firebase-auth:22.3.1] AndroidManifest.xml:33:13-44
186            android:theme="@android:style/Theme.Translucent.NoTitleBar" >
186-->[com.google.firebase:firebase-auth:22.3.1] AndroidManifest.xml:34:13-72
187            <intent-filter>
187-->[com.google.firebase:firebase-auth:22.3.1] AndroidManifest.xml:35:13-45:29
188                <action android:name="android.intent.action.VIEW" />
188-->[com.google.firebase:firebase-auth:22.3.1] AndroidManifest.xml:36:17-69
188-->[com.google.firebase:firebase-auth:22.3.1] AndroidManifest.xml:36:25-66
189
190                <category android:name="android.intent.category.DEFAULT" />
190-->[com.google.firebase:firebase-auth:22.3.1] AndroidManifest.xml:38:17-76
190-->[com.google.firebase:firebase-auth:22.3.1] AndroidManifest.xml:38:27-73
191                <category android:name="android.intent.category.BROWSABLE" />
191-->[com.google.firebase:firebase-auth:22.3.1] AndroidManifest.xml:39:17-78
191-->[com.google.firebase:firebase-auth:22.3.1] AndroidManifest.xml:39:27-75
192
193                <data
193-->src\main\AndroidManifest.xml:44:13-50
194                    android:host="firebase.auth"
195                    android:path="/"
196                    android:scheme="genericidp" />
197            </intent-filter>
198        </activity>
199        <activity
199-->[com.google.firebase:firebase-auth:22.3.1] AndroidManifest.xml:47:9-64:20
200            android:name="com.google.firebase.auth.internal.RecaptchaActivity"
200-->[com.google.firebase:firebase-auth:22.3.1] AndroidManifest.xml:48:13-79
201            android:excludeFromRecents="true"
201-->[com.google.firebase:firebase-auth:22.3.1] AndroidManifest.xml:49:13-46
202            android:exported="true"
202-->[com.google.firebase:firebase-auth:22.3.1] AndroidManifest.xml:50:13-36
203            android:launchMode="singleTask"
203-->[com.google.firebase:firebase-auth:22.3.1] AndroidManifest.xml:51:13-44
204            android:theme="@android:style/Theme.Translucent.NoTitleBar" >
204-->[com.google.firebase:firebase-auth:22.3.1] AndroidManifest.xml:52:13-72
205            <intent-filter>
205-->[com.google.firebase:firebase-auth:22.3.1] AndroidManifest.xml:53:13-63:29
206                <action android:name="android.intent.action.VIEW" />
206-->[com.google.firebase:firebase-auth:22.3.1] AndroidManifest.xml:36:17-69
206-->[com.google.firebase:firebase-auth:22.3.1] AndroidManifest.xml:36:25-66
207
208                <category android:name="android.intent.category.DEFAULT" />
208-->[com.google.firebase:firebase-auth:22.3.1] AndroidManifest.xml:38:17-76
208-->[com.google.firebase:firebase-auth:22.3.1] AndroidManifest.xml:38:27-73
209                <category android:name="android.intent.category.BROWSABLE" />
209-->[com.google.firebase:firebase-auth:22.3.1] AndroidManifest.xml:39:17-78
209-->[com.google.firebase:firebase-auth:22.3.1] AndroidManifest.xml:39:27-75
210
211                <data
211-->src\main\AndroidManifest.xml:44:13-50
212                    android:host="firebase.auth"
213                    android:path="/"
214                    android:scheme="recaptcha" />
215            </intent-filter>
216        </activity>
217
218        <receiver
218-->[com.google.firebase:firebase-messaging:23.4.1] AndroidManifest.xml:29:9-40:20
219            android:name="com.google.firebase.iid.FirebaseInstanceIdReceiver"
219-->[com.google.firebase:firebase-messaging:23.4.1] AndroidManifest.xml:30:13-78
220            android:exported="true"
220-->[com.google.firebase:firebase-messaging:23.4.1] AndroidManifest.xml:31:13-36
221            android:permission="com.google.android.c2dm.permission.SEND" >
221-->[com.google.firebase:firebase-messaging:23.4.1] AndroidManifest.xml:32:13-73
222            <intent-filter>
222-->[:firebase_messaging] AndroidManifest.xml:30:13-32:29
223                <action android:name="com.google.android.c2dm.intent.RECEIVE" />
223-->[:firebase_messaging] AndroidManifest.xml:31:17-81
223-->[:firebase_messaging] AndroidManifest.xml:31:25-78
224            </intent-filter>
225
226            <meta-data
226-->[com.google.firebase:firebase-messaging:23.4.1] AndroidManifest.xml:37:13-39:40
227                android:name="com.google.android.gms.cloudmessaging.FINISHED_AFTER_HANDLED"
227-->[com.google.firebase:firebase-messaging:23.4.1] AndroidManifest.xml:38:17-92
228                android:value="true" />
228-->[com.google.firebase:firebase-messaging:23.4.1] AndroidManifest.xml:39:17-37
229        </receiver>
230        <!--
231             FirebaseMessagingService performs security checks at runtime,
232             but set to not exported to explicitly avoid allowing another app to call it.
233        -->
234        <service
234-->[com.google.firebase:firebase-messaging:23.4.1] AndroidManifest.xml:46:9-53:19
235            android:name="com.google.firebase.messaging.FirebaseMessagingService"
235-->[com.google.firebase:firebase-messaging:23.4.1] AndroidManifest.xml:47:13-82
236            android:directBootAware="true"
236-->[com.google.firebase:firebase-messaging:23.4.1] AndroidManifest.xml:48:13-43
237            android:exported="false" >
237-->[com.google.firebase:firebase-messaging:23.4.1] AndroidManifest.xml:49:13-37
238            <intent-filter android:priority="-500" >
238-->[:firebase_messaging] AndroidManifest.xml:21:13-23:29
239                <action android:name="com.google.firebase.MESSAGING_EVENT" />
239-->[:firebase_messaging] AndroidManifest.xml:22:17-78
239-->[:firebase_messaging] AndroidManifest.xml:22:25-75
240            </intent-filter>
241        </service>
242
243        <provider
243-->[:image_picker_android] AndroidManifest.xml:9:9-17:20
244            android:name="io.flutter.plugins.imagepicker.ImagePickerFileProvider"
244-->[:image_picker_android] AndroidManifest.xml:10:13-82
245            android:authorities="com.example.chat.flutter.image_provider"
245-->[:image_picker_android] AndroidManifest.xml:11:13-74
246            android:exported="false"
246-->[:image_picker_android] AndroidManifest.xml:12:13-37
247            android:grantUriPermissions="true" >
247-->[:image_picker_android] AndroidManifest.xml:13:13-47
248            <meta-data
248-->[:image_picker_android] AndroidManifest.xml:14:13-16:75
249                android:name="android.support.FILE_PROVIDER_PATHS"
249-->[:image_picker_android] AndroidManifest.xml:15:17-67
250                android:resource="@xml/flutter_image_picker_file_paths" />
250-->[:image_picker_android] AndroidManifest.xml:16:17-72
251        </provider> <!-- Trigger Google Play services to install the backported photo picker module. -->
252        <service
252-->[:image_picker_android] AndroidManifest.xml:19:9-31:19
253            android:name="com.google.android.gms.metadata.ModuleDependencies"
253-->[:image_picker_android] AndroidManifest.xml:20:13-78
254            android:enabled="false"
254-->[:image_picker_android] AndroidManifest.xml:21:13-36
255            android:exported="false" >
255-->[:image_picker_android] AndroidManifest.xml:22:13-37
256            <intent-filter>
256-->[:image_picker_android] AndroidManifest.xml:24:13-26:29
257                <action android:name="com.google.android.gms.metadata.MODULE_DEPENDENCIES" />
257-->[:image_picker_android] AndroidManifest.xml:25:17-94
257-->[:image_picker_android] AndroidManifest.xml:25:25-91
258            </intent-filter>
259
260            <meta-data
260-->[:image_picker_android] AndroidManifest.xml:28:13-30:36
261                android:name="photopicker_activity:0:required"
261-->[:image_picker_android] AndroidManifest.xml:29:17-63
262                android:value="" />
262-->[:image_picker_android] AndroidManifest.xml:30:17-33
263        </service>
264
265        <provider
265-->[com.google.firebase:firebase-common:20.4.3] AndroidManifest.xml:23:9-28:39
266            android:name="com.google.firebase.provider.FirebaseInitProvider"
266-->[com.google.firebase:firebase-common:20.4.3] AndroidManifest.xml:24:13-77
267            android:authorities="com.example.chat.firebaseinitprovider"
267-->[com.google.firebase:firebase-common:20.4.3] AndroidManifest.xml:25:13-72
268            android:directBootAware="true"
268-->[com.google.firebase:firebase-common:20.4.3] AndroidManifest.xml:26:13-43
269            android:exported="false"
269-->[com.google.firebase:firebase-common:20.4.3] AndroidManifest.xml:27:13-37
270            android:initOrder="100" />
270-->[com.google.firebase:firebase-common:20.4.3] AndroidManifest.xml:28:13-36
271        <provider
271-->[androidx.lifecycle:lifecycle-process:2.7.0] AndroidManifest.xml:24:9-32:20
272            android:name="androidx.startup.InitializationProvider"
272-->[androidx.lifecycle:lifecycle-process:2.7.0] AndroidManifest.xml:25:13-67
273            android:authorities="com.example.chat.androidx-startup"
273-->[androidx.lifecycle:lifecycle-process:2.7.0] AndroidManifest.xml:26:13-68
274            android:exported="false" >
274-->[androidx.lifecycle:lifecycle-process:2.7.0] AndroidManifest.xml:27:13-37
275            <meta-data
275-->[androidx.lifecycle:lifecycle-process:2.7.0] AndroidManifest.xml:29:13-31:52
276                android:name="androidx.lifecycle.ProcessLifecycleInitializer"
276-->[androidx.lifecycle:lifecycle-process:2.7.0] AndroidManifest.xml:30:17-78
277                android:value="androidx.startup" />
277-->[androidx.lifecycle:lifecycle-process:2.7.0] AndroidManifest.xml:31:17-49
278            <meta-data
278-->[androidx.profileinstaller:profileinstaller:1.3.1] AndroidManifest.xml:29:13-31:52
279                android:name="androidx.profileinstaller.ProfileInstallerInitializer"
279-->[androidx.profileinstaller:profileinstaller:1.3.1] AndroidManifest.xml:30:17-85
280                android:value="androidx.startup" />
280-->[androidx.profileinstaller:profileinstaller:1.3.1] AndroidManifest.xml:31:17-49
281        </provider>
282
283        <uses-library
283-->[androidx.window:window:1.2.0] AndroidManifest.xml:23:9-25:40
284            android:name="androidx.window.extensions"
284-->[androidx.window:window:1.2.0] AndroidManifest.xml:24:13-54
285            android:required="false" />
285-->[androidx.window:window:1.2.0] AndroidManifest.xml:25:13-37
286        <uses-library
286-->[androidx.window:window:1.2.0] AndroidManifest.xml:26:9-28:40
287            android:name="androidx.window.sidecar"
287-->[androidx.window:window:1.2.0] AndroidManifest.xml:27:13-51
288            android:required="false" />
288-->[androidx.window:window:1.2.0] AndroidManifest.xml:28:13-37
289
290        <activity
290-->[com.google.android.gms:play-services-base:18.1.0] AndroidManifest.xml:20:9-22:45
291            android:name="com.google.android.gms.common.api.GoogleApiActivity"
291-->[com.google.android.gms:play-services-base:18.1.0] AndroidManifest.xml:20:19-85
292            android:exported="false"
292-->[com.google.android.gms:play-services-base:18.1.0] AndroidManifest.xml:22:19-43
293            android:theme="@android:style/Theme.Translucent.NoTitleBar" />
293-->[com.google.android.gms:play-services-base:18.1.0] AndroidManifest.xml:21:19-78
294
295        <meta-data
295-->[com.google.android.gms:play-services-basement:18.3.0] AndroidManifest.xml:21:9-23:69
296            android:name="com.google.android.gms.version"